<?xml version="1.0" encoding="UTF-8"?>
<!-- Generated by org.testng.reporters.JUnitReportReporter -->
<testsuite hostname="LAPTOP-9BI5PNMM" failures="0" tests="1" name="tc.suitea.LoginTest" time="0.003" errors="0" timestamp="2021-07-04T22:38:00 EDT" skipped="0">
  <testcase classname="tc.suitea.LoginTest" name="login" time="0.003"/>
</testsuite> <!-- tc.suitea.LoginTest -->
