<?xml version="1.0" encoding="UTF-8"?>
<!-- Generated by org.testng.reporters.JUnitReportReporter -->
<testsuite hostname="LAPTOP-9BI5PNMM" failures="0" tests="3" name="TestCases.LoginTest2" time="0.007" errors="0" timestamp="2021-07-04T20:55:34 EDT" skipped="0">
  <testcase classname="TestCases.LoginTest2" name="loginUser" time="0.005"/>
  <testcase classname="TestCases.LoginTest2" name="loginUser" time="0.001"/>
  <testcase classname="TestCases.LoginTest2" name="loginUser" time="0.001"/>
</testsuite> <!-- TestCases.LoginTest2 -->
