<?xml version="1.0" encoding="UTF-8"?>
<!-- Generated by org.testng.reporters.JUnitReportReporter -->
<testsuite hostname="LAPTOP-9BI5PNMM" failures="0" tests="1" name="TestCases.LoginTest" time="0.004" errors="0" timestamp="2021-07-04T19:19:39 EDT" skipped="0">
  <testcase classname="TestCases.LoginTest" name="login" time="0.004"/>
</testsuite> <!-- TestCases.LoginTest -->
