<?xml version="1.0" encoding="UTF-8"?>
<!-- Generated by org.testng.reporters.JUnitReportReporter -->
<testsuite hostname="LAPTOP-9BI5PNMM" failures="0" tests="6" name="TestCases.LoginTest4" time="0.007" errors="0" timestamp="2021-07-04T21:21:37 EDT" skipped="0">
  <testcase classname="TestCases.LoginTest4" name="loginUser" time="0.001"/>
  <testcase classname="TestCases.LoginTest4" name="loginUser" time="0.000"/>
  <testcase classname="TestCases.LoginTest4" name="loginUser" time="0.000"/>
  <testcase classname="TestCases.LoginTest4" name="deleteUser" time="0.001"/>
  <testcase classname="TestCases.LoginTest4" name="deleteUser" time="0.005"/>
  <testcase classname="TestCases.LoginTest4" name="deleteUser" time="0.000"/>
</testsuite> <!-- TestCases.LoginTest4 -->
