<?xml version="1.0" encoding="UTF-8"?>
<!-- Generated by org.testng.reporters.JUnitReportReporter -->
<testsuite hostname="LAPTOP-9BI5PNMM" failures="0" tests="3" name="SearchTest1" time="0.008" errors="0" timestamp="2021-05-18T14:13:27 EDT" skipped="0">
  <testcase classname="SearchTest1" name="Login" time="0.006"/>
  <testcase classname="SearchTest1" name="Search" time="0.001"/>
  <testcase classname="SearchTest1" name="Logout" time="0.001"/>
</testsuite> <!-- SearchTest1 -->
