<?xml version="1.0" encoding="UTF-8"?>
<!-- Generated by org.testng.reporters.JUnitReportReporter -->
<testsuite hostname="LAPTOP-9BI5PNMM" failures="0" tests="2" name="TestCases.LoginTest1" time="0.006" errors="0" timestamp="2021-07-04T19:28:32 EDT" skipped="0">
  <testcase classname="TestCases.LoginTest1" name="logout" time="0.001"/>
  <testcase classname="TestCases.LoginTest1" name="login" time="0.005"/>
</testsuite> <!-- TestCases.LoginTest1 -->
